
Processing D:\Projects\Resources\Windows\JAXA\Jaxa Toplu Mail.ci 22.03.2010 03:42:42
Log file: D:\Projects\Resources\Windows\JAXA\Jaxa Toplu Mail.log 
Generating Sources... 
Compiling Gentee Sources... 
Build setup file: c:\Jaxa Toplu Mail.exe 
Adding temporary file(s) to EXE 
C:\DOCUME~1\Coder\LOCALS~1\Temp\gentee00\turkish.lng 22.03.2010 03:42:43 3574  45.46%
C:\Program Files\CreateInstall Free\res\logo\green-logo.bmp 18.03.2008 07:43:36 3626  60.94%
C:\Program Files\CreateInstall Free\res\leftimg\install\install - 1.bmp 10.11.2002 10:56:02 20678  33.42%
C:\Program Files\CreateInstall Free\res\leftimg\uninstall\uninstall - 1.bmp 10.11.2002 10:56:02 20678  28.17%
Build setup file: C:\DOCUME~1\Coder\LOCALS~1\Temp\gentee00\uninstall.exe 
Adding uninstall file(s) to EXE 
Getting list of files 
Packing files... 
================================ 
D:\Projects\Resources\Windows\JAXA\jaxamail.exe 22.03.2010 03:41:31 282624  18.09%
================================ 
All files: 1 [ 276KB => 49KB ] 
File Size c:\Jaxa Toplu Mail.exe: 235 KB 
Finish Successful 22.03.2010 03:42:44